<?xml version="1.0" encoding="UTF-8"?>
<!-- Generated by org.testng.reporters.JUnitXMLReporter -->
<testsuite ignored="0" hostname="Xyoss005" failures="3" tests="3" name="Orange HRM ApplLeave Tests" time="285.975" errors="0" timestamp="2025-11-04T22:04:26 GMT+06:00">
  <testcase classname="com.orangehrm.tests.ApplyLeaveTest" name="testApplyLeaveWithFirstAvailableType" time="55.086">
    <failure type="com.microsoft.playwright.TimeoutError" message="Error {
  message=&amp;apos;Timeout 30000ms exceeded.
  name=&amp;apos;TimeoutError
  stack=&amp;apos;TimeoutError: Timeout 30000ms exceeded.
    at ProgressController.run (C:\Users\MITHU\AppData\Local\Temp\playwright-java-11562533610520778407\package\lib\server\progress.js:78:26)
    at Frame.click (C:\Users\MITHU\AppData\Local\Temp\playwright-java-11562533610520778407\package\lib\server\frames.js:1013:23)
    at FrameDispatcher.click (C:\Users\MITHU\AppData\Local\Temp\playwright-java-11562533610520778407\package\lib\server\dispatchers\frameDispatcher.js:157:30)
    at FrameDispatcher._handleCommand (C:\Users\MITHU\AppData\Local\Temp\playwright-java-11562533610520778407\package\lib\server\dispatchers\dispatcher.js:94:40)
    at DispatcherConnection.dispatch (C:\Users\MITHU\AppData\Local\Temp\playwright-java-11562533610520778407\package\lib\server\dispatchers\dispatcher.js:361:39)
}
Call log:
- waiting for locator(&amp;quot;//div[@role=&amp;apos;option&amp;apos;]//span&amp;quot;).first()
">
      <![CDATA[com.microsoft.playwright.TimeoutError: Error {
  message='Timeout 30000ms exceeded.
  name='TimeoutError
  stack='TimeoutError: Timeout 30000ms exceeded.
    at ProgressController.run (C:\Users\MITHU\AppData\Local\Temp\playwright-java-11562533610520778407\package\lib\server\progress.js:78:26)
    at Frame.click (C:\Users\MITHU\AppData\Local\Temp\playwright-java-11562533610520778407\package\lib\server\frames.js:1013:23)
    at FrameDispatcher.click (C:\Users\MITHU\AppData\Local\Temp\playwright-java-11562533610520778407\package\lib\server\dispatchers\frameDispatcher.js:157:30)
    at FrameDispatcher._handleCommand (C:\Users\MITHU\AppData\Local\Temp\playwright-java-11562533610520778407\package\lib\server\dispatchers\dispatcher.js:94:40)
    at DispatcherConnection.dispatch (C:\Users\MITHU\AppData\Local\Temp\playwright-java-11562533610520778407\package\lib\server\dispatchers\dispatcher.js:361:39)
}
Call log:
- waiting for locator("//div[@role='option']//span").first()

at com.microsoft.playwright.impl.WaitableResult.get(WaitableResult.java:52)
at com.microsoft.playwright.impl.ChannelOwner.runUntil(ChannelOwner.java:132)
at com.microsoft.playwright.impl.Connection.sendMessage(Connection.java:130)
at com.microsoft.playwright.impl.ChannelOwner.sendMessage(ChannelOwner.java:118)
at com.microsoft.playwright.impl.FrameImpl.clickImpl(FrameImpl.java:252)
at com.microsoft.playwright.impl.FrameImpl.lambda$click$8(FrameImpl.java:243)
at com.microsoft.playwright.impl.LoggingSupport.lambda$withLogging$0(LoggingSupport.java:36)
at com.microsoft.playwright.impl.LoggingSupport.withLogging(LoggingSupport.java:47)
at com.microsoft.playwright.impl.ChannelOwner.withLogging(ChannelOwner.java:97)
at com.microsoft.playwright.impl.LoggingSupport.withLogging(LoggingSupport.java:35)
at com.microsoft.playwright.impl.FrameImpl.click(FrameImpl.java:243)
at com.microsoft.playwright.impl.LocatorImpl.click(LocatorImpl.java:160)
at com.microsoft.playwright.Locator.click(Locator.java:2413)
at com.orangehrm.pages.ApplyLeavePage.selectFirstAvailableLeaveType(ApplyLeavePage.java:124)
at com.orangehrm.pages.ApplyLeavePage.applyLeave(ApplyLeavePage.java:41)
at com.orangehrm.tests.ApplyLeaveTest.testApplyLeaveWithFirstAvailableType(ApplyLeaveTest.java:32)
at java.base/java.util.ArrayList.forEach(ArrayList.java:1597)
Caused by: com.microsoft.playwright.TimeoutError: Error {
  message='Timeout 30000ms exceeded.
  name='TimeoutError
  stack='TimeoutError: Timeout 30000ms exceeded.
    at ProgressController.run (C:\Users\MITHU\AppData\Local\Temp\playwright-java-11562533610520778407\package\lib\server\progress.js:78:26)
    at Frame.click (C:\Users\MITHU\AppData\Local\Temp\playwright-java-11562533610520778407\package\lib\server\frames.js:1013:23)
    at FrameDispatcher.click (C:\Users\MITHU\AppData\Local\Temp\playwright-java-11562533610520778407\package\lib\server\dispatchers\frameDispatcher.js:157:30)
    at FrameDispatcher._handleCommand (C:\Users\MITHU\AppData\Local\Temp\playwright-java-11562533610520778407\package\lib\server\dispatchers\dispatcher.js:94:40)
    at DispatcherConnection.dispatch (C:\Users\MITHU\AppData\Local\Temp\playwright-java-11562533610520778407\package\lib\server\dispatchers\dispatcher.js:361:39)
}
Call log:
- waiting for locator("//div[@role='option']//span").first()

at com.microsoft.playwright.impl.Connection.dispatch(Connection.java:254)
at com.microsoft.playwright.impl.Connection.processOneMessage(Connection.java:211)
at com.microsoft.playwright.impl.ChannelOwner.runUntil(ChannelOwner.java:130)
... 44 more
... Removed 29 stack frames]]>
    </failure>
  </testcase> <!-- testApplyLeaveWithFirstAvailableType -->
  <testcase classname="com.orangehrm.tests.ApplyLeaveTest" name="testCannotApplyLeaveWithoutLeaveType" time="56.232">
    <failure type="com.microsoft.playwright.TimeoutError" message="Error {
  message=&amp;apos;Timeout 30000ms exceeded.
  name=&amp;apos;TimeoutError
  stack=&amp;apos;TimeoutError: Timeout 30000ms exceeded.
    at ProgressController.run (C:\Users\MITHU\AppData\Local\Temp\playwright-java-11562533610520778407\package\lib\server\progress.js:78:26)
    at Frame.fill (C:\Users\MITHU\AppData\Local\Temp\playwright-java-11562533610520778407\package\lib\server\frames.js:1063:23)
    at FrameDispatcher.fill (C:\Users\MITHU\AppData\Local\Temp\playwright-java-11562533610520778407\package\lib\server\dispatchers\frameDispatcher.js:169:30)
    at FrameDispatcher._handleCommand (C:\Users\MITHU\AppData\Local\Temp\playwright-java-11562533610520778407\package\lib\server\dispatchers\dispatcher.js:94:40)
    at DispatcherConnection.dispatch (C:\Users\MITHU\AppData\Local\Temp\playwright-java-11562533610520778407\package\lib\server\dispatchers\dispatcher.js:361:39)
}
Call log:
- waiting for locator(&amp;quot;//label[contains(text(),&amp;apos;From Date&amp;apos;)]/following::input[contains(@class,&amp;apos;oxd-input&amp;apos;)][1]&amp;quot;)
-   locator resolved to &amp;lt;input data-v-1f99f73c=&amp;quot;&amp;quot; data-v-4a95a2e0=&amp;quot;&amp;quot; placeholder=&amp;quot;yyyy-dd-mm&amp;quot; class=&amp;quot;oxd-input oxd-input--active&amp;quot;/&amp;gt;
-   fill(&amp;quot;2025-11-06&amp;quot;)
- attempting fill action
-   waiting for element to be visible, enabled and editable
- element was detached from the DOM, retrying
">
      <![CDATA[com.microsoft.playwright.TimeoutError: Error {
  message='Timeout 30000ms exceeded.
  name='TimeoutError
  stack='TimeoutError: Timeout 30000ms exceeded.
    at ProgressController.run (C:\Users\MITHU\AppData\Local\Temp\playwright-java-11562533610520778407\package\lib\server\progress.js:78:26)
    at Frame.fill (C:\Users\MITHU\AppData\Local\Temp\playwright-java-11562533610520778407\package\lib\server\frames.js:1063:23)
    at FrameDispatcher.fill (C:\Users\MITHU\AppData\Local\Temp\playwright-java-11562533610520778407\package\lib\server\dispatchers\frameDispatcher.js:169:30)
    at FrameDispatcher._handleCommand (C:\Users\MITHU\AppData\Local\Temp\playwright-java-11562533610520778407\package\lib\server\dispatchers\dispatcher.js:94:40)
    at DispatcherConnection.dispatch (C:\Users\MITHU\AppData\Local\Temp\playwright-java-11562533610520778407\package\lib\server\dispatchers\dispatcher.js:361:39)
}
Call log:
- waiting for locator("//label[contains(text(),'From Date')]/following::input[contains(@class,'oxd-input')][1]")
-   locator resolved to <input data-v-1f99f73c="" data-v-4a95a2e0="" placeholder="yyyy-dd-mm" class="oxd-input oxd-input--active"/>
-   fill("2025-11-06")
- attempting fill action
-   waiting for element to be visible, enabled and editable
- element was detached from the DOM, retrying

at com.microsoft.playwright.impl.WaitableResult.get(WaitableResult.java:52)
at com.microsoft.playwright.impl.ChannelOwner.runUntil(ChannelOwner.java:132)
at com.microsoft.playwright.impl.Connection.sendMessage(Connection.java:130)
at com.microsoft.playwright.impl.ChannelOwner.sendMessage(ChannelOwner.java:118)
at com.microsoft.playwright.impl.FrameImpl.fillImpl(FrameImpl.java:335)
at com.microsoft.playwright.impl.FrameImpl.lambda$fill$14(FrameImpl.java:325)
at com.microsoft.playwright.impl.LoggingSupport.lambda$withLogging$0(LoggingSupport.java:36)
at com.microsoft.playwright.impl.LoggingSupport.withLogging(LoggingSupport.java:47)
at com.microsoft.playwright.impl.ChannelOwner.withLogging(ChannelOwner.java:97)
at com.microsoft.playwright.impl.LoggingSupport.withLogging(LoggingSupport.java:35)
at com.microsoft.playwright.impl.FrameImpl.fill(FrameImpl.java:325)
at com.microsoft.playwright.impl.LocatorImpl.fill(LocatorImpl.java:235)
at com.microsoft.playwright.Locator.fill(Locator.java:2995)
at com.orangehrm.pages.ApplyLeavePage.applyLeaveWithoutLeaveType(ApplyLeavePage.java:71)
at com.orangehrm.tests.ApplyLeaveTest.testCannotApplyLeaveWithoutLeaveType(ApplyLeaveTest.java:50)
at java.base/java.util.ArrayList.forEach(ArrayList.java:1597)
Caused by: com.microsoft.playwright.TimeoutError: Error {
  message='Timeout 30000ms exceeded.
  name='TimeoutError
  stack='TimeoutError: Timeout 30000ms exceeded.
    at ProgressController.run (C:\Users\MITHU\AppData\Local\Temp\playwright-java-11562533610520778407\package\lib\server\progress.js:78:26)
    at Frame.fill (C:\Users\MITHU\AppData\Local\Temp\playwright-java-11562533610520778407\package\lib\server\frames.js:1063:23)
    at FrameDispatcher.fill (C:\Users\MITHU\AppData\Local\Temp\playwright-java-11562533610520778407\package\lib\server\dispatchers\frameDispatcher.js:169:30)
    at FrameDispatcher._handleCommand (C:\Users\MITHU\AppData\Local\Temp\playwright-java-11562533610520778407\package\lib\server\dispatchers\dispatcher.js:94:40)
    at DispatcherConnection.dispatch (C:\Users\MITHU\AppData\Local\Temp\playwright-java-11562533610520778407\package\lib\server\dispatchers\dispatcher.js:361:39)
}
Call log:
- waiting for locator("//label[contains(text(),'From Date')]/following::input[contains(@class,'oxd-input')][1]")
-   locator resolved to <input data-v-1f99f73c="" data-v-4a95a2e0="" placeholder="yyyy-dd-mm" class="oxd-input oxd-input--active"/>
-   fill("2025-11-06")
- attempting fill action
-   waiting for element to be visible, enabled and editable
- element was detached from the DOM, retrying

at com.microsoft.playwright.impl.Connection.dispatch(Connection.java:254)
at com.microsoft.playwright.impl.Connection.processOneMessage(Connection.java:211)
at com.microsoft.playwright.impl.ChannelOwner.runUntil(ChannelOwner.java:130)
... 43 more
... Removed 29 stack frames]]>
    </failure>
  </testcase> <!-- testCannotApplyLeaveWithoutLeaveType -->
  <testcase classname="com.orangehrm.tests.ApplyLeaveTest" name="testCannotApplyLeaveWithInvalidDateRange" time="57.732">
    <failure type="com.microsoft.playwright.TimeoutError" message="Error {
  message=&amp;apos;Timeout 30000ms exceeded.
  name=&amp;apos;TimeoutError
  stack=&amp;apos;TimeoutError: Timeout 30000ms exceeded.
    at ProgressController.run (C:\Users\MITHU\AppData\Local\Temp\playwright-java-11562533610520778407\package\lib\server\progress.js:78:26)
    at Frame.click (C:\Users\MITHU\AppData\Local\Temp\playwright-java-11562533610520778407\package\lib\server\frames.js:1013:23)
    at FrameDispatcher.click (C:\Users\MITHU\AppData\Local\Temp\playwright-java-11562533610520778407\package\lib\server\dispatchers\frameDispatcher.js:157:30)
    at FrameDispatcher._handleCommand (C:\Users\MITHU\AppData\Local\Temp\playwright-java-11562533610520778407\package\lib\server\dispatchers\dispatcher.js:94:40)
    at DispatcherConnection.dispatch (C:\Users\MITHU\AppData\Local\Temp\playwright-java-11562533610520778407\package\lib\server\dispatchers\dispatcher.js:361:39)
}
Call log:
- waiting for locator(&amp;quot;//div[@role=&amp;apos;option&amp;apos;]//span&amp;quot;).first()
">
      <![CDATA[com.microsoft.playwright.TimeoutError: Error {
  message='Timeout 30000ms exceeded.
  name='TimeoutError
  stack='TimeoutError: Timeout 30000ms exceeded.
    at ProgressController.run (C:\Users\MITHU\AppData\Local\Temp\playwright-java-11562533610520778407\package\lib\server\progress.js:78:26)
    at Frame.click (C:\Users\MITHU\AppData\Local\Temp\playwright-java-11562533610520778407\package\lib\server\frames.js:1013:23)
    at FrameDispatcher.click (C:\Users\MITHU\AppData\Local\Temp\playwright-java-11562533610520778407\package\lib\server\dispatchers\frameDispatcher.js:157:30)
    at FrameDispatcher._handleCommand (C:\Users\MITHU\AppData\Local\Temp\playwright-java-11562533610520778407\package\lib\server\dispatchers\dispatcher.js:94:40)
    at DispatcherConnection.dispatch (C:\Users\MITHU\AppData\Local\Temp\playwright-java-11562533610520778407\package\lib\server\dispatchers\dispatcher.js:361:39)
}
Call log:
- waiting for locator("//div[@role='option']//span").first()

at com.microsoft.playwright.impl.WaitableResult.get(WaitableResult.java:52)
at com.microsoft.playwright.impl.ChannelOwner.runUntil(ChannelOwner.java:132)
at com.microsoft.playwright.impl.Connection.sendMessage(Connection.java:130)
at com.microsoft.playwright.impl.ChannelOwner.sendMessage(ChannelOwner.java:118)
at com.microsoft.playwright.impl.FrameImpl.clickImpl(FrameImpl.java:252)
at com.microsoft.playwright.impl.FrameImpl.lambda$click$8(FrameImpl.java:243)
at com.microsoft.playwright.impl.LoggingSupport.lambda$withLogging$0(LoggingSupport.java:36)
at com.microsoft.playwright.impl.LoggingSupport.withLogging(LoggingSupport.java:47)
at com.microsoft.playwright.impl.ChannelOwner.withLogging(ChannelOwner.java:97)
at com.microsoft.playwright.impl.LoggingSupport.withLogging(LoggingSupport.java:35)
at com.microsoft.playwright.impl.FrameImpl.click(FrameImpl.java:243)
at com.microsoft.playwright.impl.LocatorImpl.click(LocatorImpl.java:160)
at com.microsoft.playwright.Locator.click(Locator.java:2413)
at com.orangehrm.pages.ApplyLeavePage.selectFirstAvailableLeaveType(ApplyLeavePage.java:124)
at com.orangehrm.pages.ApplyLeavePage.applyLeaveWithInvalidDateRange(ApplyLeavePage.java:92)
at com.orangehrm.tests.ApplyLeaveTest.testCannotApplyLeaveWithInvalidDateRange(ApplyLeaveTest.java:68)
at java.base/java.util.ArrayList.forEach(ArrayList.java:1597)
Caused by: com.microsoft.playwright.TimeoutError: Error {
  message='Timeout 30000ms exceeded.
  name='TimeoutError
  stack='TimeoutError: Timeout 30000ms exceeded.
    at ProgressController.run (C:\Users\MITHU\AppData\Local\Temp\playwright-java-11562533610520778407\package\lib\server\progress.js:78:26)
    at Frame.click (C:\Users\MITHU\AppData\Local\Temp\playwright-java-11562533610520778407\package\lib\server\frames.js:1013:23)
    at FrameDispatcher.click (C:\Users\MITHU\AppData\Local\Temp\playwright-java-11562533610520778407\package\lib\server\dispatchers\frameDispatcher.js:157:30)
    at FrameDispatcher._handleCommand (C:\Users\MITHU\AppData\Local\Temp\playwright-java-11562533610520778407\package\lib\server\dispatchers\dispatcher.js:94:40)
    at DispatcherConnection.dispatch (C:\Users\MITHU\AppData\Local\Temp\playwright-java-11562533610520778407\package\lib\server\dispatchers\dispatcher.js:361:39)
}
Call log:
- waiting for locator("//div[@role='option']//span").first()

at com.microsoft.playwright.impl.Connection.dispatch(Connection.java:254)
at com.microsoft.playwright.impl.Connection.processOneMessage(Connection.java:211)
at com.microsoft.playwright.impl.ChannelOwner.runUntil(ChannelOwner.java:130)
... 44 more
... Removed 29 stack frames]]>
    </failure>
  </testcase> <!-- testCannotApplyLeaveWithInvalidDateRange -->
</testsuite> <!-- Orange HRM ApplLeave Tests -->
