<?xml version="1.0" encoding="UTF-8"?>
<testng-results ignored="0" total="3" passed="0" failed="3" skipped="0">
  <reporter-output>
  </reporter-output>
  <suite started-at="2025-11-04T21:59:40 GMT+06:00" name="OrangeHRM Test Suite" finished-at="2025-11-04T22:04:26 GMT+06:00" duration-ms="285975">
    <groups>
    </groups>
    <test started-at="2025-11-04T21:59:40 GMT+06:00" name="Orange HRM ApplLeave Tests" finished-at="2025-11-04T22:04:26 GMT+06:00" duration-ms="285975">
      <class name="com.orangehrm.tests.ApplyLeaveTest">
        <test-method is-config="true" signature="setUp()[pri:0, instance:com.orangehrm.tests.ApplyLeaveTest@24a298a6]" started-at="2025-11-04T21:59:40 GMT+06:00" name="setUp" finished-at="2025-11-04T22:00:40 GMT+06:00" duration-ms="60415" status="PASS">
          <reporter-output>
          </reporter-output>
        </test-method> <!-- setUp -->
        <test-method signature="testApplyLeaveWithFirstAvailableType()[pri:1, instance:com.orangehrm.tests.ApplyLeaveTest@24a298a6]" started-at="2025-11-04T22:00:42 GMT+06:00" name="testApplyLeaveWithFirstAvailableType" description="Verify user can apply for leave with first available leave type" finished-at="2025-11-04T22:01:37 GMT+06:00" duration-ms="55086" status="FAIL">
          <exception class="com.microsoft.playwright.TimeoutError">
            <message>
              <![CDATA[Error {
  message='Timeout 30000ms exceeded.
  name='TimeoutError
  stack='TimeoutError: Timeout 30000ms exceeded.
    at ProgressController.run (C:\Users\MITHU\AppData\Local\Temp\playwright-java-11562533610520778407\package\lib\server\progress.js:78:26)
    at Frame.click (C:\Users\MITHU\AppData\Local\Temp\playwright-java-11562533610520778407\package\lib\server\frames.js:1013:23)
    at FrameDispatcher.click (C:\Users\MITHU\AppData\Local\Temp\playwright-java-11562533610520778407\package\lib\server\dispatchers\frameDispatcher.js:157:30)
    at FrameDispatcher._handleCommand (C:\Users\MITHU\AppData\Local\Temp\playwright-java-11562533610520778407\package\lib\server\dispatchers\dispatcher.js:94:40)
    at DispatcherConnection.dispatch (C:\Users\MITHU\AppData\Local\Temp\playwright-java-11562533610520778407\package\lib\server\dispatchers\dispatcher.js:361:39)
}
Call log:
- waiting for locator("//div[@role='option']//span").first()
]]>
            </message>
            <full-stacktrace>
              <![CDATA[com.microsoft.playwright.TimeoutError: Error {
  message='Timeout 30000ms exceeded.
  name='TimeoutError
  stack='TimeoutError: Timeout 30000ms exceeded.
    at ProgressController.run (C:\Users\MITHU\AppData\Local\Temp\playwright-java-11562533610520778407\package\lib\server\progress.js:78:26)
    at Frame.click (C:\Users\MITHU\AppData\Local\Temp\playwright-java-11562533610520778407\package\lib\server\frames.js:1013:23)
    at FrameDispatcher.click (C:\Users\MITHU\AppData\Local\Temp\playwright-java-11562533610520778407\package\lib\server\dispatchers\frameDispatcher.js:157:30)
    at FrameDispatcher._handleCommand (C:\Users\MITHU\AppData\Local\Temp\playwright-java-11562533610520778407\package\lib\server\dispatchers\dispatcher.js:94:40)
    at DispatcherConnection.dispatch (C:\Users\MITHU\AppData\Local\Temp\playwright-java-11562533610520778407\package\lib\server\dispatchers\dispatcher.js:361:39)
}
Call log:
- waiting for locator("//div[@role='option']//span").first()

at com.microsoft.playwright.impl.WaitableResult.get(WaitableResult.java:52)
at com.microsoft.playwright.impl.ChannelOwner.runUntil(ChannelOwner.java:132)
at com.microsoft.playwright.impl.Connection.sendMessage(Connection.java:130)
at com.microsoft.playwright.impl.ChannelOwner.sendMessage(ChannelOwner.java:118)
at com.microsoft.playwright.impl.FrameImpl.clickImpl(FrameImpl.java:252)
at com.microsoft.playwright.impl.FrameImpl.lambda$click$8(FrameImpl.java:243)
at com.microsoft.playwright.impl.LoggingSupport.lambda$withLogging$0(LoggingSupport.java:36)
at com.microsoft.playwright.impl.LoggingSupport.withLogging(LoggingSupport.java:47)
at com.microsoft.playwright.impl.ChannelOwner.withLogging(ChannelOwner.java:97)
at com.microsoft.playwright.impl.LoggingSupport.withLogging(LoggingSupport.java:35)
at com.microsoft.playwright.impl.FrameImpl.click(FrameImpl.java:243)
at com.microsoft.playwright.impl.LocatorImpl.click(LocatorImpl.java:160)
at com.microsoft.playwright.Locator.click(Locator.java:2413)
at com.orangehrm.pages.ApplyLeavePage.selectFirstAvailableLeaveType(ApplyLeavePage.java:124)
at com.orangehrm.pages.ApplyLeavePage.applyLeave(ApplyLeavePage.java:41)
at com.orangehrm.tests.ApplyLeaveTest.testApplyLeaveWithFirstAvailableType(ApplyLeaveTest.java:32)
at java.base/jdk.internal.reflect.DirectMethodHandleAccessor.invoke(DirectMethodHandleAccessor.java:103)
at java.base/java.lang.reflect.Method.invoke(Method.java:580)
at org.testng.internal.invokers.MethodInvocationHelper.invokeMethod(MethodInvocationHelper.java:141)
at org.testng.internal.invokers.TestInvoker.invokeMethod(TestInvoker.java:686)
at org.testng.internal.invokers.TestInvoker.invokeTestMethod(TestInvoker.java:230)
at org.testng.internal.invokers.MethodRunner.runInSequence(MethodRunner.java:63)
at org.testng.internal.invokers.TestInvoker$MethodInvocationAgent.invoke(TestInvoker.java:992)
at org.testng.internal.invokers.TestInvoker.invokeTestMethods(TestInvoker.java:203)
at org.testng.internal.invokers.TestMethodWorker.invokeTestMethods(TestMethodWorker.java:154)
at org.testng.internal.invokers.TestMethodWorker.run(TestMethodWorker.java:134)
at java.base/java.util.ArrayList.forEach(ArrayList.java:1597)
at org.testng.TestRunner.privateRun(TestRunner.java:739)
at org.testng.TestRunner.run(TestRunner.java:614)
at org.testng.SuiteRunner.runTest(SuiteRunner.java:421)
at org.testng.SuiteRunner.runSequentially(SuiteRunner.java:413)
at org.testng.SuiteRunner.privateRun(SuiteRunner.java:373)
at org.testng.SuiteRunner.run(SuiteRunner.java:312)
at org.testng.SuiteRunnerWorker.runSuite(SuiteRunnerWorker.java:52)
at org.testng.SuiteRunnerWorker.run(SuiteRunnerWorker.java:95)
at org.testng.TestNG.runSuitesSequentially(TestNG.java:1274)
at org.testng.TestNG.runSuitesLocally(TestNG.java:1208)
at org.testng.TestNG.runSuites(TestNG.java:1112)
at org.testng.TestNG.run(TestNG.java:1079)
at org.apache.maven.surefire.testng.TestNGExecutor.run(TestNGExecutor.java:308)
at org.apache.maven.surefire.testng.TestNGXmlTestSuite.execute(TestNGXmlTestSuite.java:71)
at org.apache.maven.surefire.testng.TestNGProvider.invoke(TestNGProvider.java:113)
at org.apache.maven.surefire.booter.ForkedBooter.runSuitesInProcess(ForkedBooter.java:385)
at org.apache.maven.surefire.booter.ForkedBooter.execute(ForkedBooter.java:162)
at org.apache.maven.surefire.booter.ForkedBooter.run(ForkedBooter.java:507)
at org.apache.maven.surefire.booter.ForkedBooter.main(ForkedBooter.java:495)
Caused by: com.microsoft.playwright.TimeoutError: Error {
  message='Timeout 30000ms exceeded.
  name='TimeoutError
  stack='TimeoutError: Timeout 30000ms exceeded.
    at ProgressController.run (C:\Users\MITHU\AppData\Local\Temp\playwright-java-11562533610520778407\package\lib\server\progress.js:78:26)
    at Frame.click (C:\Users\MITHU\AppData\Local\Temp\playwright-java-11562533610520778407\package\lib\server\frames.js:1013:23)
    at FrameDispatcher.click (C:\Users\MITHU\AppData\Local\Temp\playwright-java-11562533610520778407\package\lib\server\dispatchers\frameDispatcher.js:157:30)
    at FrameDispatcher._handleCommand (C:\Users\MITHU\AppData\Local\Temp\playwright-java-11562533610520778407\package\lib\server\dispatchers\dispatcher.js:94:40)
    at DispatcherConnection.dispatch (C:\Users\MITHU\AppData\Local\Temp\playwright-java-11562533610520778407\package\lib\server\dispatchers\dispatcher.js:361:39)
}
Call log:
- waiting for locator("//div[@role='option']//span").first()

at com.microsoft.playwright.impl.Connection.dispatch(Connection.java:254)
at com.microsoft.playwright.impl.Connection.processOneMessage(Connection.java:211)
at com.microsoft.playwright.impl.ChannelOwner.runUntil(ChannelOwner.java:130)
... 44 more
]]>
            </full-stacktrace>
          </exception> <!-- com.microsoft.playwright.TimeoutError -->
          <reporter-output>
          </reporter-output>
        </test-method> <!-- testApplyLeaveWithFirstAvailableType -->
        <test-method is-config="true" signature="tearDown(org.testng.ITestResult)[pri:0, instance:com.orangehrm.tests.ApplyLeaveTest@24a298a6]" started-at="2025-11-04T22:01:37 GMT+06:00" name="tearDown" finished-at="2025-11-04T22:01:41 GMT+06:00" duration-ms="3965" status="PASS">
          <params>
            <param index="0">
              <value>
                <![CDATA[[TestResult name=testApplyLeaveWithFirstAvailableType status=FAILURE method=ApplyLeaveTest.testApplyLeaveWithFirstAvailableType()[pri:1, instance:com.orangehrm.tests.ApplyLeaveTest@24a298a6] output={null}]]]>
              </value>
            </param>
          </params>
          <reporter-output>
          </reporter-output>
        </test-method> <!-- tearDown -->
        <test-method is-config="true" signature="setUp()[pri:0, instance:com.orangehrm.tests.ApplyLeaveTest@24a298a6]" started-at="2025-11-04T22:01:41 GMT+06:00" name="setUp" finished-at="2025-11-04T22:02:02 GMT+06:00" duration-ms="20808" status="PASS">
          <reporter-output>
          </reporter-output>
        </test-method> <!-- setUp -->
        <test-method signature="testCannotApplyLeaveWithoutLeaveType()[pri:2, instance:com.orangehrm.tests.ApplyLeaveTest@24a298a6]" started-at="2025-11-04T22:02:02 GMT+06:00" name="testCannotApplyLeaveWithoutLeaveType" description="Verify user cannot apply leave without selecting a Leave Type" finished-at="2025-11-04T22:02:58 GMT+06:00" duration-ms="56232" status="FAIL">
          <exception class="com.microsoft.playwright.TimeoutError">
            <message>
              <![CDATA[Error {
  message='Timeout 30000ms exceeded.
  name='TimeoutError
  stack='TimeoutError: Timeout 30000ms exceeded.
    at ProgressController.run (C:\Users\MITHU\AppData\Local\Temp\playwright-java-11562533610520778407\package\lib\server\progress.js:78:26)
    at Frame.fill (C:\Users\MITHU\AppData\Local\Temp\playwright-java-11562533610520778407\package\lib\server\frames.js:1063:23)
    at FrameDispatcher.fill (C:\Users\MITHU\AppData\Local\Temp\playwright-java-11562533610520778407\package\lib\server\dispatchers\frameDispatcher.js:169:30)
    at FrameDispatcher._handleCommand (C:\Users\MITHU\AppData\Local\Temp\playwright-java-11562533610520778407\package\lib\server\dispatchers\dispatcher.js:94:40)
    at DispatcherConnection.dispatch (C:\Users\MITHU\AppData\Local\Temp\playwright-java-11562533610520778407\package\lib\server\dispatchers\dispatcher.js:361:39)
}
Call log:
- waiting for locator("//label[contains(text(),'From Date')]/following::input[contains(@class,'oxd-input')][1]")
-   locator resolved to <input data-v-1f99f73c="" data-v-4a95a2e0="" placeholder="yyyy-dd-mm" class="oxd-input oxd-input--active"/>
-   fill("2025-11-06")
- attempting fill action
-   waiting for element to be visible, enabled and editable
- element was detached from the DOM, retrying
]]>
            </message>
            <full-stacktrace>
              <![CDATA[com.microsoft.playwright.TimeoutError: Error {
  message='Timeout 30000ms exceeded.
  name='TimeoutError
  stack='TimeoutError: Timeout 30000ms exceeded.
    at ProgressController.run (C:\Users\MITHU\AppData\Local\Temp\playwright-java-11562533610520778407\package\lib\server\progress.js:78:26)
    at Frame.fill (C:\Users\MITHU\AppData\Local\Temp\playwright-java-11562533610520778407\package\lib\server\frames.js:1063:23)
    at FrameDispatcher.fill (C:\Users\MITHU\AppData\Local\Temp\playwright-java-11562533610520778407\package\lib\server\dispatchers\frameDispatcher.js:169:30)
    at FrameDispatcher._handleCommand (C:\Users\MITHU\AppData\Local\Temp\playwright-java-11562533610520778407\package\lib\server\dispatchers\dispatcher.js:94:40)
    at DispatcherConnection.dispatch (C:\Users\MITHU\AppData\Local\Temp\playwright-java-11562533610520778407\package\lib\server\dispatchers\dispatcher.js:361:39)
}
Call log:
- waiting for locator("//label[contains(text(),'From Date')]/following::input[contains(@class,'oxd-input')][1]")
-   locator resolved to <input data-v-1f99f73c="" data-v-4a95a2e0="" placeholder="yyyy-dd-mm" class="oxd-input oxd-input--active"/>
-   fill("2025-11-06")
- attempting fill action
-   waiting for element to be visible, enabled and editable
- element was detached from the DOM, retrying

at com.microsoft.playwright.impl.WaitableResult.get(WaitableResult.java:52)
at com.microsoft.playwright.impl.ChannelOwner.runUntil(ChannelOwner.java:132)
at com.microsoft.playwright.impl.Connection.sendMessage(Connection.java:130)
at com.microsoft.playwright.impl.ChannelOwner.sendMessage(ChannelOwner.java:118)
at com.microsoft.playwright.impl.FrameImpl.fillImpl(FrameImpl.java:335)
at com.microsoft.playwright.impl.FrameImpl.lambda$fill$14(FrameImpl.java:325)
at com.microsoft.playwright.impl.LoggingSupport.lambda$withLogging$0(LoggingSupport.java:36)
at com.microsoft.playwright.impl.LoggingSupport.withLogging(LoggingSupport.java:47)
at com.microsoft.playwright.impl.ChannelOwner.withLogging(ChannelOwner.java:97)
at com.microsoft.playwright.impl.LoggingSupport.withLogging(LoggingSupport.java:35)
at com.microsoft.playwright.impl.FrameImpl.fill(FrameImpl.java:325)
at com.microsoft.playwright.impl.LocatorImpl.fill(LocatorImpl.java:235)
at com.microsoft.playwright.Locator.fill(Locator.java:2995)
at com.orangehrm.pages.ApplyLeavePage.applyLeaveWithoutLeaveType(ApplyLeavePage.java:71)
at com.orangehrm.tests.ApplyLeaveTest.testCannotApplyLeaveWithoutLeaveType(ApplyLeaveTest.java:50)
at java.base/jdk.internal.reflect.DirectMethodHandleAccessor.invoke(DirectMethodHandleAccessor.java:103)
at java.base/java.lang.reflect.Method.invoke(Method.java:580)
at org.testng.internal.invokers.MethodInvocationHelper.invokeMethod(MethodInvocationHelper.java:141)
at org.testng.internal.invokers.TestInvoker.invokeMethod(TestInvoker.java:686)
at org.testng.internal.invokers.TestInvoker.invokeTestMethod(TestInvoker.java:230)
at org.testng.internal.invokers.MethodRunner.runInSequence(MethodRunner.java:63)
at org.testng.internal.invokers.TestInvoker$MethodInvocationAgent.invoke(TestInvoker.java:992)
at org.testng.internal.invokers.TestInvoker.invokeTestMethods(TestInvoker.java:203)
at org.testng.internal.invokers.TestMethodWorker.invokeTestMethods(TestMethodWorker.java:154)
at org.testng.internal.invokers.TestMethodWorker.run(TestMethodWorker.java:134)
at java.base/java.util.ArrayList.forEach(ArrayList.java:1597)
at org.testng.TestRunner.privateRun(TestRunner.java:739)
at org.testng.TestRunner.run(TestRunner.java:614)
at org.testng.SuiteRunner.runTest(SuiteRunner.java:421)
at org.testng.SuiteRunner.runSequentially(SuiteRunner.java:413)
at org.testng.SuiteRunner.privateRun(SuiteRunner.java:373)
at org.testng.SuiteRunner.run(SuiteRunner.java:312)
at org.testng.SuiteRunnerWorker.runSuite(SuiteRunnerWorker.java:52)
at org.testng.SuiteRunnerWorker.run(SuiteRunnerWorker.java:95)
at org.testng.TestNG.runSuitesSequentially(TestNG.java:1274)
at org.testng.TestNG.runSuitesLocally(TestNG.java:1208)
at org.testng.TestNG.runSuites(TestNG.java:1112)
at org.testng.TestNG.run(TestNG.java:1079)
at org.apache.maven.surefire.testng.TestNGExecutor.run(TestNGExecutor.java:308)
at org.apache.maven.surefire.testng.TestNGXmlTestSuite.execute(TestNGXmlTestSuite.java:71)
at org.apache.maven.surefire.testng.TestNGProvider.invoke(TestNGProvider.java:113)
at org.apache.maven.surefire.booter.ForkedBooter.runSuitesInProcess(ForkedBooter.java:385)
at org.apache.maven.surefire.booter.ForkedBooter.execute(ForkedBooter.java:162)
at org.apache.maven.surefire.booter.ForkedBooter.run(ForkedBooter.java:507)
at org.apache.maven.surefire.booter.ForkedBooter.main(ForkedBooter.java:495)
Caused by: com.microsoft.playwright.TimeoutError: Error {
  message='Timeout 30000ms exceeded.
  name='TimeoutError
  stack='TimeoutError: Timeout 30000ms exceeded.
    at ProgressController.run (C:\Users\MITHU\AppData\Local\Temp\playwright-java-11562533610520778407\package\lib\server\progress.js:78:26)
    at Frame.fill (C:\Users\MITHU\AppData\Local\Temp\playwright-java-11562533610520778407\package\lib\server\frames.js:1063:23)
    at FrameDispatcher.fill (C:\Users\MITHU\AppData\Local\Temp\playwright-java-11562533610520778407\package\lib\server\dispatchers\frameDispatcher.js:169:30)
    at FrameDispatcher._handleCommand (C:\Users\MITHU\AppData\Local\Temp\playwright-java-11562533610520778407\package\lib\server\dispatchers\dispatcher.js:94:40)
    at DispatcherConnection.dispatch (C:\Users\MITHU\AppData\Local\Temp\playwright-java-11562533610520778407\package\lib\server\dispatchers\dispatcher.js:361:39)
}
Call log:
- waiting for locator("//label[contains(text(),'From Date')]/following::input[contains(@class,'oxd-input')][1]")
-   locator resolved to <input data-v-1f99f73c="" data-v-4a95a2e0="" placeholder="yyyy-dd-mm" class="oxd-input oxd-input--active"/>
-   fill("2025-11-06")
- attempting fill action
-   waiting for element to be visible, enabled and editable
- element was detached from the DOM, retrying

at com.microsoft.playwright.impl.Connection.dispatch(Connection.java:254)
at com.microsoft.playwright.impl.Connection.processOneMessage(Connection.java:211)
at com.microsoft.playwright.impl.ChannelOwner.runUntil(ChannelOwner.java:130)
... 43 more
]]>
            </full-stacktrace>
          </exception> <!-- com.microsoft.playwright.TimeoutError -->
          <reporter-output>
          </reporter-output>
        </test-method> <!-- testCannotApplyLeaveWithoutLeaveType -->
        <test-method is-config="true" signature="tearDown(org.testng.ITestResult)[pri:0, instance:com.orangehrm.tests.ApplyLeaveTest@24a298a6]" started-at="2025-11-04T22:02:58 GMT+06:00" name="tearDown" finished-at="2025-11-04T22:03:01 GMT+06:00" duration-ms="2983" status="PASS">
          <params>
            <param index="0">
              <value>
                <![CDATA[[TestResult name=testCannotApplyLeaveWithoutLeaveType status=FAILURE method=ApplyLeaveTest.testCannotApplyLeaveWithoutLeaveType()[pri:2, instance:com.orangehrm.tests.ApplyLeaveTest@24a298a6] output={null}]]]>
              </value>
            </param>
          </params>
          <reporter-output>
          </reporter-output>
        </test-method> <!-- tearDown -->
        <test-method is-config="true" signature="setUp()[pri:0, instance:com.orangehrm.tests.ApplyLeaveTest@24a298a6]" started-at="2025-11-04T22:03:01 GMT+06:00" name="setUp" finished-at="2025-11-04T22:03:24 GMT+06:00" duration-ms="22687" status="PASS">
          <reporter-output>
          </reporter-output>
        </test-method> <!-- setUp -->
        <test-method signature="testCannotApplyLeaveWithInvalidDateRange()[pri:3, instance:com.orangehrm.tests.ApplyLeaveTest@24a298a6]" started-at="2025-11-04T22:03:24 GMT+06:00" name="testCannotApplyLeaveWithInvalidDateRange" description="Verify user cannot apply leave when From Date is after To Date" finished-at="2025-11-04T22:04:22 GMT+06:00" duration-ms="57732" status="FAIL">
          <exception class="com.microsoft.playwright.TimeoutError">
            <message>
              <![CDATA[Error {
  message='Timeout 30000ms exceeded.
  name='TimeoutError
  stack='TimeoutError: Timeout 30000ms exceeded.
    at ProgressController.run (C:\Users\MITHU\AppData\Local\Temp\playwright-java-11562533610520778407\package\lib\server\progress.js:78:26)
    at Frame.click (C:\Users\MITHU\AppData\Local\Temp\playwright-java-11562533610520778407\package\lib\server\frames.js:1013:23)
    at FrameDispatcher.click (C:\Users\MITHU\AppData\Local\Temp\playwright-java-11562533610520778407\package\lib\server\dispatchers\frameDispatcher.js:157:30)
    at FrameDispatcher._handleCommand (C:\Users\MITHU\AppData\Local\Temp\playwright-java-11562533610520778407\package\lib\server\dispatchers\dispatcher.js:94:40)
    at DispatcherConnection.dispatch (C:\Users\MITHU\AppData\Local\Temp\playwright-java-11562533610520778407\package\lib\server\dispatchers\dispatcher.js:361:39)
}
Call log:
- waiting for locator("//div[@role='option']//span").first()
]]>
            </message>
            <full-stacktrace>
              <![CDATA[com.microsoft.playwright.TimeoutError: Error {
  message='Timeout 30000ms exceeded.
  name='TimeoutError
  stack='TimeoutError: Timeout 30000ms exceeded.
    at ProgressController.run (C:\Users\MITHU\AppData\Local\Temp\playwright-java-11562533610520778407\package\lib\server\progress.js:78:26)
    at Frame.click (C:\Users\MITHU\AppData\Local\Temp\playwright-java-11562533610520778407\package\lib\server\frames.js:1013:23)
    at FrameDispatcher.click (C:\Users\MITHU\AppData\Local\Temp\playwright-java-11562533610520778407\package\lib\server\dispatchers\frameDispatcher.js:157:30)
    at FrameDispatcher._handleCommand (C:\Users\MITHU\AppData\Local\Temp\playwright-java-11562533610520778407\package\lib\server\dispatchers\dispatcher.js:94:40)
    at DispatcherConnection.dispatch (C:\Users\MITHU\AppData\Local\Temp\playwright-java-11562533610520778407\package\lib\server\dispatchers\dispatcher.js:361:39)
}
Call log:
- waiting for locator("//div[@role='option']//span").first()

at com.microsoft.playwright.impl.WaitableResult.get(WaitableResult.java:52)
at com.microsoft.playwright.impl.ChannelOwner.runUntil(ChannelOwner.java:132)
at com.microsoft.playwright.impl.Connection.sendMessage(Connection.java:130)
at com.microsoft.playwright.impl.ChannelOwner.sendMessage(ChannelOwner.java:118)
at com.microsoft.playwright.impl.FrameImpl.clickImpl(FrameImpl.java:252)
at com.microsoft.playwright.impl.FrameImpl.lambda$click$8(FrameImpl.java:243)
at com.microsoft.playwright.impl.LoggingSupport.lambda$withLogging$0(LoggingSupport.java:36)
at com.microsoft.playwright.impl.LoggingSupport.withLogging(LoggingSupport.java:47)
at com.microsoft.playwright.impl.ChannelOwner.withLogging(ChannelOwner.java:97)
at com.microsoft.playwright.impl.LoggingSupport.withLogging(LoggingSupport.java:35)
at com.microsoft.playwright.impl.FrameImpl.click(FrameImpl.java:243)
at com.microsoft.playwright.impl.LocatorImpl.click(LocatorImpl.java:160)
at com.microsoft.playwright.Locator.click(Locator.java:2413)
at com.orangehrm.pages.ApplyLeavePage.selectFirstAvailableLeaveType(ApplyLeavePage.java:124)
at com.orangehrm.pages.ApplyLeavePage.applyLeaveWithInvalidDateRange(ApplyLeavePage.java:92)
at com.orangehrm.tests.ApplyLeaveTest.testCannotApplyLeaveWithInvalidDateRange(ApplyLeaveTest.java:68)
at java.base/jdk.internal.reflect.DirectMethodHandleAccessor.invoke(DirectMethodHandleAccessor.java:103)
at java.base/java.lang.reflect.Method.invoke(Method.java:580)
at org.testng.internal.invokers.MethodInvocationHelper.invokeMethod(MethodInvocationHelper.java:141)
at org.testng.internal.invokers.TestInvoker.invokeMethod(TestInvoker.java:686)
at org.testng.internal.invokers.TestInvoker.invokeTestMethod(TestInvoker.java:230)
at org.testng.internal.invokers.MethodRunner.runInSequence(MethodRunner.java:63)
at org.testng.internal.invokers.TestInvoker$MethodInvocationAgent.invoke(TestInvoker.java:992)
at org.testng.internal.invokers.TestInvoker.invokeTestMethods(TestInvoker.java:203)
at org.testng.internal.invokers.TestMethodWorker.invokeTestMethods(TestMethodWorker.java:154)
at org.testng.internal.invokers.TestMethodWorker.run(TestMethodWorker.java:134)
at java.base/java.util.ArrayList.forEach(ArrayList.java:1597)
at org.testng.TestRunner.privateRun(TestRunner.java:739)
at org.testng.TestRunner.run(TestRunner.java:614)
at org.testng.SuiteRunner.runTest(SuiteRunner.java:421)
at org.testng.SuiteRunner.runSequentially(SuiteRunner.java:413)
at org.testng.SuiteRunner.privateRun(SuiteRunner.java:373)
at org.testng.SuiteRunner.run(SuiteRunner.java:312)
at org.testng.SuiteRunnerWorker.runSuite(SuiteRunnerWorker.java:52)
at org.testng.SuiteRunnerWorker.run(SuiteRunnerWorker.java:95)
at org.testng.TestNG.runSuitesSequentially(TestNG.java:1274)
at org.testng.TestNG.runSuitesLocally(TestNG.java:1208)
at org.testng.TestNG.runSuites(TestNG.java:1112)
at org.testng.TestNG.run(TestNG.java:1079)
at org.apache.maven.surefire.testng.TestNGExecutor.run(TestNGExecutor.java:308)
at org.apache.maven.surefire.testng.TestNGXmlTestSuite.execute(TestNGXmlTestSuite.java:71)
at org.apache.maven.surefire.testng.TestNGProvider.invoke(TestNGProvider.java:113)
at org.apache.maven.surefire.booter.ForkedBooter.runSuitesInProcess(ForkedBooter.java:385)
at org.apache.maven.surefire.booter.ForkedBooter.execute(ForkedBooter.java:162)
at org.apache.maven.surefire.booter.ForkedBooter.run(ForkedBooter.java:507)
at org.apache.maven.surefire.booter.ForkedBooter.main(ForkedBooter.java:495)
Caused by: com.microsoft.playwright.TimeoutError: Error {
  message='Timeout 30000ms exceeded.
  name='TimeoutError
  stack='TimeoutError: Timeout 30000ms exceeded.
    at ProgressController.run (C:\Users\MITHU\AppData\Local\Temp\playwright-java-11562533610520778407\package\lib\server\progress.js:78:26)
    at Frame.click (C:\Users\MITHU\AppData\Local\Temp\playwright-java-11562533610520778407\package\lib\server\frames.js:1013:23)
    at FrameDispatcher.click (C:\Users\MITHU\AppData\Local\Temp\playwright-java-11562533610520778407\package\lib\server\dispatchers\frameDispatcher.js:157:30)
    at FrameDispatcher._handleCommand (C:\Users\MITHU\AppData\Local\Temp\playwright-java-11562533610520778407\package\lib\server\dispatchers\dispatcher.js:94:40)
    at DispatcherConnection.dispatch (C:\Users\MITHU\AppData\Local\Temp\playwright-java-11562533610520778407\package\lib\server\dispatchers\dispatcher.js:361:39)
}
Call log:
- waiting for locator("//div[@role='option']//span").first()

at com.microsoft.playwright.impl.Connection.dispatch(Connection.java:254)
at com.microsoft.playwright.impl.Connection.processOneMessage(Connection.java:211)
at com.microsoft.playwright.impl.ChannelOwner.runUntil(ChannelOwner.java:130)
... 44 more
]]>
            </full-stacktrace>
          </exception> <!-- com.microsoft.playwright.TimeoutError -->
          <reporter-output>
          </reporter-output>
        </test-method> <!-- testCannotApplyLeaveWithInvalidDateRange -->
        <test-method is-config="true" signature="tearDown(org.testng.ITestResult)[pri:0, instance:com.orangehrm.tests.ApplyLeaveTest@24a298a6]" started-at="2025-11-04T22:04:22 GMT+06:00" name="tearDown" finished-at="2025-11-04T22:04:26 GMT+06:00" duration-ms="3780" status="PASS">
          <params>
            <param index="0">
              <value>
                <![CDATA[[TestResult name=testCannotApplyLeaveWithInvalidDateRange status=FAILURE method=ApplyLeaveTest.testCannotApplyLeaveWithInvalidDateRange()[pri:3, instance:com.orangehrm.tests.ApplyLeaveTest@24a298a6] output={null}]]]>
              </value>
            </param>
          </params>
          <reporter-output>
          </reporter-output>
        </test-method> <!-- tearDown -->
      </class> <!-- com.orangehrm.tests.ApplyLeaveTest -->
    </test> <!-- Orange HRM ApplLeave Tests -->
  </suite> <!-- OrangeHRM Test Suite -->
</testng-results>
