<?xml version="1.0" encoding="UTF-8"?>
<!-- Generated by org.testng.reporters.JUnitXMLReporter -->
<testsuite ignored="0" hostname="Xyoss005" failures="1" tests="3" name="Login Tests" time="95.349" errors="0" timestamp="2025-11-02T01:02:21 GMT+06:00">
  <testcase classname="com.orangehrm.tests.ApplyLeaveTest" name="testApplyLeaveWithFirstAvailableType" time="18.203">
    <failure type="java.lang.AssertionError" message="Leave application should be successful expected [true] but found [false]">
      <![CDATA[java.lang.AssertionError: Leave application should be successful expected [true] but found [false]
at com.orangehrm.tests.ApplyLeaveTest.testApplyLeaveWithFirstAvailableType(ApplyLeaveTest.java:34)
at java.base/java.util.ArrayList.forEach(ArrayList.java:1597)
... Removed 28 stack frames]]>
    </failure>
  </testcase> <!-- testApplyLeaveWithFirstAvailableType -->
  <testcase classname="com.orangehrm.tests.ApplyLeaveTest" name="testCannotApplyLeaveWithoutLeaveType" time="13.29"/>
  <testcase classname="com.orangehrm.tests.ApplyLeaveTest" name="testCannotApplyLeaveWithInvalidDateRange" time="15.405"/>
</testsuite> <!-- Login Tests -->
