<?xml version="1.0" encoding="UTF-8"?>
<testng-results ignored="0" total="3" passed="2" failed="1" skipped="0">
  <reporter-output>
  </reporter-output>
  <suite started-at="2025-11-02T01:00:46 GMT+06:00" name="OrangeHRM Test Suite" finished-at="2025-11-02T01:02:21 GMT+06:00" duration-ms="95349">
    <groups>
    </groups>
    <test started-at="2025-11-02T01:00:46 GMT+06:00" name="Login Tests" finished-at="2025-11-02T01:02:21 GMT+06:00" duration-ms="95349">
      <class name="com.orangehrm.tests.ApplyLeaveTest">
        <test-method is-config="true" signature="setUp()[pri:0, instance:com.orangehrm.tests.ApplyLeaveTest@ae372b9]" started-at="2025-11-02T01:00:47 GMT+06:00" name="setUp" finished-at="2025-11-02T01:01:13 GMT+06:00" duration-ms="25752" status="PASS">
          <reporter-output>
          </reporter-output>
        </test-method> <!-- setUp -->
        <test-method signature="testApplyLeaveWithFirstAvailableType()[pri:1, instance:com.orangehrm.tests.ApplyLeaveTest@ae372b9]" started-at="2025-11-02T01:01:13 GMT+06:00" name="testApplyLeaveWithFirstAvailableType" description="Verify user can apply for leave with first available leave type" finished-at="2025-11-02T01:01:31 GMT+06:00" duration-ms="18203" status="FAIL">
          <exception class="java.lang.AssertionError">
            <message>
              <![CDATA[Leave application should be successful expected [true] but found [false]]]>
            </message>
            <full-stacktrace>
              <![CDATA[java.lang.AssertionError: Leave application should be successful expected [true] but found [false]
at org.testng.Assert.fail(Assert.java:111)
at org.testng.Assert.failNotEquals(Assert.java:1578)
at org.testng.Assert.assertTrue(Assert.java:57)
at com.orangehrm.tests.ApplyLeaveTest.testApplyLeaveWithFirstAvailableType(ApplyLeaveTest.java:34)
at java.base/jdk.internal.reflect.DirectMethodHandleAccessor.invoke(DirectMethodHandleAccessor.java:103)
at java.base/java.lang.reflect.Method.invoke(Method.java:580)
at org.testng.internal.invokers.MethodInvocationHelper.invokeMethod(MethodInvocationHelper.java:141)
at org.testng.internal.invokers.TestInvoker.invokeMethod(TestInvoker.java:686)
at org.testng.internal.invokers.TestInvoker.invokeTestMethod(TestInvoker.java:230)
at org.testng.internal.invokers.MethodRunner.runInSequence(MethodRunner.java:63)
at org.testng.internal.invokers.TestInvoker$MethodInvocationAgent.invoke(TestInvoker.java:992)
at org.testng.internal.invokers.TestInvoker.invokeTestMethods(TestInvoker.java:203)
at org.testng.internal.invokers.TestMethodWorker.invokeTestMethods(TestMethodWorker.java:154)
at org.testng.internal.invokers.TestMethodWorker.run(TestMethodWorker.java:134)
at java.base/java.util.ArrayList.forEach(ArrayList.java:1597)
at org.testng.TestRunner.privateRun(TestRunner.java:739)
at org.testng.TestRunner.run(TestRunner.java:614)
at org.testng.SuiteRunner.runTest(SuiteRunner.java:421)
at org.testng.SuiteRunner.runSequentially(SuiteRunner.java:413)
at org.testng.SuiteRunner.privateRun(SuiteRunner.java:373)
at org.testng.SuiteRunner.run(SuiteRunner.java:312)
at org.testng.SuiteRunnerWorker.runSuite(SuiteRunnerWorker.java:52)
at org.testng.SuiteRunnerWorker.run(SuiteRunnerWorker.java:95)
at org.testng.TestNG.runSuitesSequentially(TestNG.java:1274)
at org.testng.TestNG.runSuitesLocally(TestNG.java:1208)
at org.testng.TestNG.runSuites(TestNG.java:1112)
at org.testng.TestNG.run(TestNG.java:1079)
at org.testng.remote.AbstractRemoteTestNG.run(AbstractRemoteTestNG.java:115)
at org.testng.remote.RemoteTestNG.initAndRun(RemoteTestNG.java:293)
at org.testng.remote.RemoteTestNG.main(RemoteTestNG.java:91)
]]>
            </full-stacktrace>
          </exception> <!-- java.lang.AssertionError -->
          <reporter-output>
          </reporter-output>
        </test-method> <!-- testApplyLeaveWithFirstAvailableType -->
        <test-method is-config="true" signature="tearDown(org.testng.ITestResult)[pri:0, instance:com.orangehrm.tests.ApplyLeaveTest@ae372b9]" started-at="2025-11-02T01:01:31 GMT+06:00" name="tearDown" finished-at="2025-11-02T01:01:34 GMT+06:00" duration-ms="2299" status="PASS">
          <params>
            <param index="0">
              <value>
                <![CDATA[[TestResult name=testApplyLeaveWithFirstAvailableType status=FAILURE method=ApplyLeaveTest.testApplyLeaveWithFirstAvailableType()[pri:1, instance:com.orangehrm.tests.ApplyLeaveTest@ae372b9] output={null}]]]>
              </value>
            </param>
          </params>
          <reporter-output>
          </reporter-output>
        </test-method> <!-- tearDown -->
        <test-method is-config="true" signature="setUp()[pri:0, instance:com.orangehrm.tests.ApplyLeaveTest@ae372b9]" started-at="2025-11-02T01:01:34 GMT+06:00" name="setUp" finished-at="2025-11-02T01:01:42 GMT+06:00" duration-ms="7895" status="PASS">
          <reporter-output>
          </reporter-output>
        </test-method> <!-- setUp -->
        <test-method signature="testCannotApplyLeaveWithoutLeaveType()[pri:2, instance:com.orangehrm.tests.ApplyLeaveTest@ae372b9]" started-at="2025-11-02T01:01:42 GMT+06:00" name="testCannotApplyLeaveWithoutLeaveType" description="Verify user cannot apply leave without selecting a Leave Type" finished-at="2025-11-02T01:01:55 GMT+06:00" duration-ms="13290" status="PASS">
          <reporter-output>
          </reporter-output>
        </test-method> <!-- testCannotApplyLeaveWithoutLeaveType -->
        <test-method is-config="true" signature="tearDown(org.testng.ITestResult)[pri:0, instance:com.orangehrm.tests.ApplyLeaveTest@ae372b9]" started-at="2025-11-02T01:01:55 GMT+06:00" name="tearDown" finished-at="2025-11-02T01:01:56 GMT+06:00" duration-ms="1495" status="PASS">
          <params>
            <param index="0">
              <value>
                <![CDATA[[TestResult name=testCannotApplyLeaveWithoutLeaveType status=SUCCESS method=ApplyLeaveTest.testCannotApplyLeaveWithoutLeaveType()[pri:2, instance:com.orangehrm.tests.ApplyLeaveTest@ae372b9] output={null}]]]>
              </value>
            </param>
          </params>
          <reporter-output>
          </reporter-output>
        </test-method> <!-- tearDown -->
        <test-method is-config="true" signature="setUp()[pri:0, instance:com.orangehrm.tests.ApplyLeaveTest@ae372b9]" started-at="2025-11-02T01:01:56 GMT+06:00" name="setUp" finished-at="2025-11-02T01:02:05 GMT+06:00" duration-ms="8558" status="PASS">
          <reporter-output>
          </reporter-output>
        </test-method> <!-- setUp -->
        <test-method signature="testCannotApplyLeaveWithInvalidDateRange()[pri:3, instance:com.orangehrm.tests.ApplyLeaveTest@ae372b9]" started-at="2025-11-02T01:02:05 GMT+06:00" name="testCannotApplyLeaveWithInvalidDateRange" description="Verify user cannot apply leave when From Date is after To Date" finished-at="2025-11-02T01:02:20 GMT+06:00" duration-ms="15405" status="PASS">
          <reporter-output>
          </reporter-output>
        </test-method> <!-- testCannotApplyLeaveWithInvalidDateRange -->
        <test-method is-config="true" signature="tearDown(org.testng.ITestResult)[pri:0, instance:com.orangehrm.tests.ApplyLeaveTest@ae372b9]" started-at="2025-11-02T01:02:20 GMT+06:00" name="tearDown" finished-at="2025-11-02T01:02:21 GMT+06:00" duration-ms="987" status="PASS">
          <params>
            <param index="0">
              <value>
                <![CDATA[[TestResult name=testCannotApplyLeaveWithInvalidDateRange status=SUCCESS method=ApplyLeaveTest.testCannotApplyLeaveWithInvalidDateRange()[pri:3, instance:com.orangehrm.tests.ApplyLeaveTest@ae372b9] output={null}]]]>
              </value>
            </param>
          </params>
          <reporter-output>
          </reporter-output>
        </test-method> <!-- tearDown -->
      </class> <!-- com.orangehrm.tests.ApplyLeaveTest -->
    </test> <!-- Login Tests -->
  </suite> <!-- OrangeHRM Test Suite -->
</testng-results>
